<?xml version="1.0" encoding="UTF-8"?>
<testsuite xmlns:xsi="http://www.w3.org/2001/XMLSchema-instance" xsi:noNamespaceSchemaLocation="https://maven.apache.org/surefire/maven-surefire-plugin/xsd/surefire-test-report.xsd" name="Sparky.Maven.AppTest" time="0.021" tests="1" errors="0" skipped="0" failures="0">
  <properties>
    <property name="java.specification.version" value="17"/>
    <property name="sun.cpu.isalist" value="amd64"/>
    <property name="sun.jnu.encoding" value="Cp1252"/>
    <property name="java.class.path" value="C:\Users\zyfro\eclipse-workspace\Sparky.Maven\target\test-classes;C:\Users\zyfro\eclipse-workspace\Sparky.Maven\target\classes;C:\Users\zyfro\.m2\repository\junit\junit\4.11\junit-4.11.jar;C:\Users\zyfro\.m2\repository\org\hamcrest\hamcrest-core\1.3\hamcrest-core-1.3.jar;C:\Users\zyfro\.m2\repository\net\sf\jwordnet\jwnl\1.4_rc3\jwnl-1.4_rc3.jar;C:\Users\zyfro\.m2\repository\commons-logging\commons-logging\1.1.1\commons-logging-1.1.1.jar;C:\Users\zyfro\.m2\repository\edu\stanford\nlp\stanford-corenlp\4.4.0\stanford-corenlp-4.4.0.jar;C:\Users\zyfro\.m2\repository\com\apple\AppleJavaExtensions\1.4\AppleJavaExtensions-1.4.jar;C:\Users\zyfro\.m2\repository\de\jollyday\jollyday\0.4.9\jollyday-0.4.9.jar;C:\Users\zyfro\.m2\repository\org\apache\commons\commons-lang3\3.3.1\commons-lang3-3.3.1.jar;C:\Users\zyfro\.m2\repository\org\apache\lucene\lucene-queryparser\7.5.0\lucene-queryparser-7.5.0.jar;C:\Users\zyfro\.m2\repository\org\apache\lucene\lucene-queries\7.5.0\lucene-queries-7.5.0.jar;C:\Users\zyfro\.m2\repository\org\apache\lucene\lucene-sandbox\7.5.0\lucene-sandbox-7.5.0.jar;C:\Users\zyfro\.m2\repository\org\apache\lucene\lucene-analyzers-common\7.5.0\lucene-analyzers-common-7.5.0.jar;C:\Users\zyfro\.m2\repository\org\apache\lucene\lucene-core\7.5.0\lucene-core-7.5.0.jar;C:\Users\zyfro\.m2\repository\javax\servlet\javax.servlet-api\3.0.1\javax.servlet-api-3.0.1.jar;C:\Users\zyfro\.m2\repository\xom\xom\1.3.7\xom-1.3.7.jar;C:\Users\zyfro\.m2\repository\xerces\xercesImpl\2.8.0\xercesImpl-2.8.0.jar;C:\Users\zyfro\.m2\repository\xml-apis\xml-apis\1.3.03\xml-apis-1.3.03.jar;C:\Users\zyfro\.m2\repository\xalan\xalan\2.7.2\xalan-2.7.2.jar;C:\Users\zyfro\.m2\repository\xalan\serializer\2.7.2\serializer-2.7.2.jar;C:\Users\zyfro\.m2\repository\joda-time\joda-time\2.10.5\joda-time-2.10.5.jar;C:\Users\zyfro\.m2\repository\org\ejml\ejml-core\0.39\ejml-core-0.39.jar;C:\Users\zyfro\.m2\repository\com\google\code\findbugs\jsr305\3.0.2\jsr305-3.0.2.jar;C:\Users\zyfro\.m2\repository\org\ejml\ejml-ddense\0.39\ejml-ddense-0.39.jar;C:\Users\zyfro\.m2\repository\org\ejml\ejml-simple\0.39\ejml-simple-0.39.jar;C:\Users\zyfro\.m2\repository\org\ejml\ejml-fdense\0.39\ejml-fdense-0.39.jar;C:\Users\zyfro\.m2\repository\org\ejml\ejml-cdense\0.39\ejml-cdense-0.39.jar;C:\Users\zyfro\.m2\repository\org\ejml\ejml-zdense\0.39\ejml-zdense-0.39.jar;C:\Users\zyfro\.m2\repository\org\ejml\ejml-dsparse\0.39\ejml-dsparse-0.39.jar;C:\Users\zyfro\.m2\repository\org\ejml\ejml-fsparse\0.39\ejml-fsparse-0.39.jar;C:\Users\zyfro\.m2\repository\org\glassfish\javax.json\1.0.4\javax.json-1.0.4.jar;C:\Users\zyfro\.m2\repository\com\google\protobuf\protobuf-java\3.11.4\protobuf-java-3.11.4.jar;C:\Users\zyfro\.m2\repository\javax\activation\javax.activation-api\1.2.0\javax.activation-api-1.2.0.jar;C:\Users\zyfro\.m2\repository\javax\xml\bind\jaxb-api\2.4.0-b180830.0359\jaxb-api-2.4.0-b180830.0359.jar;C:\Users\zyfro\.m2\repository\com\sun\xml\bind\jaxb-core\2.3.0.1\jaxb-core-2.3.0.1.jar;C:\Users\zyfro\.m2\repository\com\sun\xml\bind\jaxb-impl\2.4.0-b180830.0438\jaxb-impl-2.4.0-b180830.0438.jar;C:\Users\zyfro\.m2\repository\edu\stanford\nlp\stanford-corenlp\4.4.0\stanford-corenlp-4.4.0-models.jar;C:\Users\zyfro\.m2\repository\org\slf4j\slf4j-api\1.6.1\slf4j-api-1.6.1.jar;C:\Users\zyfro\.m2\repository\org\slf4j\slf4j-nop\1.6.1\slf4j-nop-1.6.1.jar;"/>
    <property name="java.vm.vendor" value="Eclipse Adoptium"/>
    <property name="sun.arch.data.model" value="64"/>
    <property name="user.variant" value=""/>
    <property name="java.vendor.url" value="https://adoptium.net/"/>
    <property name="user.timezone" value="America/Anchorage"/>
    <property name="os.name" value="Windows 10"/>
    <property name="java.vm.specification.version" value="17"/>
    <property name="sun.java.launcher" value="SUN_STANDARD"/>
    <property name="user.country" value="US"/>
    <property name="sun.boot.library.path" value="C:\Users\zyfro\.p2\pool\plugins\org.eclipse.justj.openjdk.hotspot.jre.full.win32.x86_64_17.0.2.v20220201-1208\jre\bin"/>
    <property name="sun.java.command" value="C:\Users\zyfro\AppData\Local\Temp\surefire16349135545818530844\surefirebooter3507040441260582863.jar C:\Users\zyfro\AppData\Local\Temp\surefire16349135545818530844 2022-07-03T15-00-22_730-jvmRun1 surefire5454323763591958263tmp surefire_0501148356839062994tmp"/>
    <property name="jdk.debug" value="release"/>
    <property name="surefire.test.class.path" value="C:\Users\zyfro\eclipse-workspace\Sparky.Maven\target\test-classes;C:\Users\zyfro\eclipse-workspace\Sparky.Maven\target\classes;C:\Users\zyfro\.m2\repository\junit\junit\4.11\junit-4.11.jar;C:\Users\zyfro\.m2\repository\org\hamcrest\hamcrest-core\1.3\hamcrest-core-1.3.jar;C:\Users\zyfro\.m2\repository\net\sf\jwordnet\jwnl\1.4_rc3\jwnl-1.4_rc3.jar;C:\Users\zyfro\.m2\repository\commons-logging\commons-logging\1.1.1\commons-logging-1.1.1.jar;C:\Users\zyfro\.m2\repository\edu\stanford\nlp\stanford-corenlp\4.4.0\stanford-corenlp-4.4.0.jar;C:\Users\zyfro\.m2\repository\com\apple\AppleJavaExtensions\1.4\AppleJavaExtensions-1.4.jar;C:\Users\zyfro\.m2\repository\de\jollyday\jollyday\0.4.9\jollyday-0.4.9.jar;C:\Users\zyfro\.m2\repository\org\apache\commons\commons-lang3\3.3.1\commons-lang3-3.3.1.jar;C:\Users\zyfro\.m2\repository\org\apache\lucene\lucene-queryparser\7.5.0\lucene-queryparser-7.5.0.jar;C:\Users\zyfro\.m2\repository\org\apache\lucene\lucene-queries\7.5.0\lucene-queries-7.5.0.jar;C:\Users\zyfro\.m2\repository\org\apache\lucene\lucene-sandbox\7.5.0\lucene-sandbox-7.5.0.jar;C:\Users\zyfro\.m2\repository\org\apache\lucene\lucene-analyzers-common\7.5.0\lucene-analyzers-common-7.5.0.jar;C:\Users\zyfro\.m2\repository\org\apache\lucene\lucene-core\7.5.0\lucene-core-7.5.0.jar;C:\Users\zyfro\.m2\repository\javax\servlet\javax.servlet-api\3.0.1\javax.servlet-api-3.0.1.jar;C:\Users\zyfro\.m2\repository\xom\xom\1.3.7\xom-1.3.7.jar;C:\Users\zyfro\.m2\repository\xerces\xercesImpl\2.8.0\xercesImpl-2.8.0.jar;C:\Users\zyfro\.m2\repository\xml-apis\xml-apis\1.3.03\xml-apis-1.3.03.jar;C:\Users\zyfro\.m2\repository\xalan\xalan\2.7.2\xalan-2.7.2.jar;C:\Users\zyfro\.m2\repository\xalan\serializer\2.7.2\serializer-2.7.2.jar;C:\Users\zyfro\.m2\repository\joda-time\joda-time\2.10.5\joda-time-2.10.5.jar;C:\Users\zyfro\.m2\repository\org\ejml\ejml-core\0.39\ejml-core-0.39.jar;C:\Users\zyfro\.m2\repository\com\google\code\findbugs\jsr305\3.0.2\jsr305-3.0.2.jar;C:\Users\zyfro\.m2\repository\org\ejml\ejml-ddense\0.39\ejml-ddense-0.39.jar;C:\Users\zyfro\.m2\repository\org\ejml\ejml-simple\0.39\ejml-simple-0.39.jar;C:\Users\zyfro\.m2\repository\org\ejml\ejml-fdense\0.39\ejml-fdense-0.39.jar;C:\Users\zyfro\.m2\repository\org\ejml\ejml-cdense\0.39\ejml-cdense-0.39.jar;C:\Users\zyfro\.m2\repository\org\ejml\ejml-zdense\0.39\ejml-zdense-0.39.jar;C:\Users\zyfro\.m2\repository\org\ejml\ejml-dsparse\0.39\ejml-dsparse-0.39.jar;C:\Users\zyfro\.m2\repository\org\ejml\ejml-fsparse\0.39\ejml-fsparse-0.39.jar;C:\Users\zyfro\.m2\repository\org\glassfish\javax.json\1.0.4\javax.json-1.0.4.jar;C:\Users\zyfro\.m2\repository\com\google\protobuf\protobuf-java\3.11.4\protobuf-java-3.11.4.jar;C:\Users\zyfro\.m2\repository\javax\activation\javax.activation-api\1.2.0\javax.activation-api-1.2.0.jar;C:\Users\zyfro\.m2\repository\javax\xml\bind\jaxb-api\2.4.0-b180830.0359\jaxb-api-2.4.0-b180830.0359.jar;C:\Users\zyfro\.m2\repository\com\sun\xml\bind\jaxb-core\2.3.0.1\jaxb-core-2.3.0.1.jar;C:\Users\zyfro\.m2\repository\com\sun\xml\bind\jaxb-impl\2.4.0-b180830.0438\jaxb-impl-2.4.0-b180830.0438.jar;C:\Users\zyfro\.m2\repository\edu\stanford\nlp\stanford-corenlp\4.4.0\stanford-corenlp-4.4.0-models.jar;C:\Users\zyfro\.m2\repository\org\slf4j\slf4j-api\1.6.1\slf4j-api-1.6.1.jar;C:\Users\zyfro\.m2\repository\org\slf4j\slf4j-nop\1.6.1\slf4j-nop-1.6.1.jar;"/>
    <property name="sun.cpu.endian" value="little"/>
    <property name="user.home" value="C:\Users\zyfro"/>
    <property name="user.language" value="en"/>
    <property name="java.specification.vendor" value="Oracle Corporation"/>
    <property name="java.version.date" value="2022-01-18"/>
    <property name="java.home" value="C:\Users\zyfro\.p2\pool\plugins\org.eclipse.justj.openjdk.hotspot.jre.full.win32.x86_64_17.0.2.v20220201-1208\jre"/>
    <property name="file.separator" value="\"/>
    <property name="basedir" value="C:\Users\zyfro\eclipse-workspace\Sparky.Maven"/>
    <property name="java.vm.compressedOopsMode" value="Zero based"/>
    <property name="line.separator" value="&#10;"/>
    <property name="java.vm.specification.vendor" value="Oracle Corporation"/>
    <property name="java.specification.name" value="Java Platform API Specification"/>
    <property name="surefire.real.class.path" value="C:\Users\zyfro\AppData\Local\Temp\surefire16349135545818530844\surefirebooter3507040441260582863.jar"/>
    <property name="user.script" value=""/>
    <property name="sun.management.compiler" value="HotSpot 64-Bit Tiered Compilers"/>
    <property name="java.runtime.version" value="17.0.2+8"/>
    <property name="user.name" value="zyfro"/>
    <property name="path.separator" value=";"/>
    <property name="os.version" value="10.0"/>
    <property name="java.runtime.name" value="OpenJDK Runtime Environment"/>
    <property name="file.encoding" value="Cp1252"/>
    <property name="java.vm.name" value="OpenJDK 64-Bit Server VM"/>
    <property name="java.vendor.version" value="Temurin-17.0.2+8"/>
    <property name="localRepository" value="C:\Users\zyfro\.m2\repository"/>
    <property name="java.vendor.url.bug" value="https://github.com/adoptium/adoptium-support/issues"/>
    <property name="java.io.tmpdir" value="C:\Users\zyfro\AppData\Local\Temp\"/>
    <property name="java.version" value="17.0.2"/>
    <property name="user.dir" value="C:\Users\zyfro\eclipse-workspace\Sparky.Maven"/>
    <property name="os.arch" value="amd64"/>
    <property name="java.vm.specification.name" value="Java Virtual Machine Specification"/>
    <property name="sun.os.patch.level" value=""/>
    <property name="native.encoding" value="Cp1252"/>
    <property name="java.library.path" value="C:\Users\zyfro\.p2\pool\plugins\org.eclipse.justj.openjdk.hotspot.jre.full.win32.x86_64_17.0.2.v20220201-1208\jre\bin;C:\Windows\Sun\Java\bin;C:\Windows\system32;C:\Windows;C:/Users/zyfro/.p2/pool/plugins/org.eclipse.justj.openjdk.hotspot.jre.full.win32.x86_64_17.0.2.v20220201-1208/jre/bin/server;C:/Users/zyfro/.p2/pool/plugins/org.eclipse.justj.openjdk.hotspot.jre.full.win32.x86_64_17.0.2.v20220201-1208/jre/bin;C:\Windows\system32;C:\Windows;C:\Windows\System32\Wbem;C:\Windows\System32\WindowsPowerShell\v1.0\;C:\Windows\System32\OpenSSH\;C:\Program Files (x86)\NVIDIA Corporation\PhysX\Common;C:\Program Files\NVIDIA Corporation\NVIDIA NvDLISR;C:\Users\zyfro\AppData\Local\Microsoft\WindowsApps;;C:\Users\zyfro\eclipse\java-2022-03\eclipse;;."/>
    <property name="java.vm.info" value="mixed mode"/>
    <property name="java.vendor" value="Eclipse Adoptium"/>
    <property name="java.vm.version" value="17.0.2+8"/>
    <property name="sun.io.unicode.encoding" value="UnicodeLittle"/>
    <property name="java.class.version" value="61.0"/>
  </properties>
  <testcase name="shouldAnswerWithTrue" classname="Sparky.Maven.AppTest" time="0.002"/>
</testsuite>